Beginning inference script
Loading FCNv2 Small Model...
Model loaded. Duration: 9.69 seconds
Starting 12 iterations of inference...
Inference finished. Duration: 411.49 seconds
Output: 

 <xarray.DataArray (time: 13, history: 1, channel: 73, lat: 721, lon: 1440)>
array([[[[[-4.37713623e-01, -4.37713623e-01, -4.37713623e-01, ...,
           -4.37713623e-01, -4.37713623e-01, -4.37713623e-01],
          [-1.86154175e+00, -1.87716675e+00, -1.89181519e+00, ...,
           -1.81173706e+00, -1.82833862e+00, -1.84494019e+00],
          [-2.80587769e+00, -2.82833862e+00, -2.85470581e+00, ...,
           -2.71798706e+00, -2.75119019e+00, -2.78048706e+00],
          ...,
          [-4.99533081e+00, -4.98947144e+00, -4.98263550e+00, ...,
           -5.00216675e+00, -4.99923706e+00, -4.99728394e+00],
          [-5.01486206e+00, -5.00997925e+00, -5.00509644e+00, ...,
           -5.01876831e+00, -5.01779175e+00, -5.01583862e+00],
          [ 4.22637939e-01,  4.22637939e-01,  4.22637939e-01, ...,
            4.22637939e-01,  4.22637939e-01,  4.22637939e-01]],

         [[ 5.55145264e-01,  5.55145264e-01,  5.55145264e-01, ...,
            5.55145264e-01,  5.55145264e-01,  5.55145264e-01],
          [-5.32571411e+00, -5.31790161e+00, -5.31008911e+00, ...,
           -5.33547974e+00, -5.33157301e+00, -5.32864380e+00],
          [-6.05422974e+00, -6.04153442e+00, -6.02688599e+00, ...,
           -6.07473755e+00, -6.06887817e+00, -6.06204224e+00],
...
            7.69534073e+01,  7.69433517e+01,  7.69333572e+01],
          [ 7.88611374e+01,  7.88568497e+01,  7.88528519e+01, ...,
            7.88733597e+01,  7.88693466e+01,  7.88650818e+01],
          [ 8.02645187e+01,  8.02645187e+01,  8.02645187e+01, ...,
            8.02645187e+01,  8.02645187e+01,  8.02645187e+01]],

         [[ 1.02657242e+02,  1.02657242e+02,  1.02657242e+02, ...,
            1.02657242e+02,  1.02657242e+02,  1.02657242e+02],
          [ 1.04053596e+02,  1.04056541e+02,  1.04059433e+02, ...,
            1.04044174e+02,  1.04047333e+02,  1.04050415e+02],
          [ 1.05784058e+02,  1.05788757e+02,  1.05793419e+02, ...,
            1.05769249e+02,  1.05774368e+02,  1.05779205e+02],
          ...,
          [ 5.96636543e+01,  5.96549911e+01,  5.96463547e+01, ...,
            5.96899872e+01,  5.96812210e+01,  5.96724510e+01],
          [ 5.70749550e+01,  5.70706253e+01,  5.70665359e+01, ...,
            5.70876999e+01,  5.70834732e+01,  5.70791473e+01],
          [ 5.66347427e+01,  5.66347427e+01,  5.66347427e+01, ...,
            5.66347427e+01,  5.66347427e+01,  5.66347427e+01]]]]],
      dtype=float32)
Coordinates:
  * lat      (lat) float64 90.0 89.75 89.5 89.25 ... -89.25 -89.5 -89.75 -90.0
  * lon      (lon) float64 0.0 0.25 0.5 0.75 1.0 ... 359.0 359.2 359.5 359.8
  * channel  (channel) <U5 'u10m' 'v10m' 'u100m' ... 'r850' 'r925' 'r1000'
  * time     (time) int64 0 21600000000000 ... 237600000000000 259200000000000
Dimensions without coordinates: history
Output saved to: /N/slate/jmelms/projects/FCN_dynamical_testing/data/output/test_era5ic_output.nc
Inference script complete
